[11:50:41.272] [INFO] storybook v10.1.4
[11:50:41.605] [DEBUG] Getting package.json info for /Users/nico.pratama/project/personal/react-ui-components/package.json...
[11:50:41.922] [INFO] Starting...
[11:50:41.948] [WARN] No story files found for the specified pattern: [34msrc/**/*.mdx[39m
[11:50:42.042] [DEBUG] Starting preview..
[11:50:42.530] [DEBUG] Using tsconfig paths for react-docgen
[11:50:42.553] [ERROR] Failed to build the preview
[11:50:42.555] [ERROR] [38;2;241;97;97mReferenceError: __dirname is not defined[39m
    at Object.viteFinal (file://./.storybook/main.ts:17:31)
    at file://./node_modules/.pnpm/storybook@10.1.4_@testing-library+dom@10.4.1_react-dom@19.2.1_react@19.2.1/node_modules/storybook/dist/_node-chunks/chunk-QZJSO2TW.js:10134:36
    at async createViteServer (file://./node_modules/.pnpm/@storybook+builder-vite@10.1.4_rollup@4.53.3_storybook@10.1.4_vite@7.2.6/node_modules/@storybook/builder-vite/dist/index.js:6410:21)
    at async Module.start (file://./node_modules/.pnpm/@storybook+builder-vite@10.1.4_rollup@4.53.3_storybook@10.1.4_vite@7.2.6/node_modules/@storybook/builder-vite/dist/index.js:6435:17)
    at async storybookDevServer (file://./node_modules/.pnpm/storybook@10.1.4_@testing-library+dom@10.4.1_react-dom@19.2.1_react@19.2.1/node_modules/storybook/dist/core-server/index.js:7180:82)
    at async buildOrThrow (file://./node_modules/.pnpm/storybook@10.1.4_@testing-library+dom@10.4.1_react-dom@19.2.1_react@19.2.1/node_modules/storybook/dist/core-server/index.js:5556:12)
    at async buildDevStandalone (file://./node_modules/.pnpm/storybook@10.1.4_@testing-library+dom@10.4.1_react-dom@19.2.1_react@19.2.1/node_modules/storybook/dist/core-server/index.js:7582:66)
    at async withTelemetry (file://./node_modules/.pnpm/storybook@10.1.4_@testing-library+dom@10.4.1_react-dom@19.2.1_react@19.2.1/node_modules/storybook/dist/_node-chunks/chunk-6KX7N5UF.js:205:12)
    at async dev (file://./node_modules/.pnpm/storybook@10.1.4_@testing-library+dom@10.4.1_react-dom@19.2.1_react@19.2.1/node_modules/storybook/dist/bin/core.js:2734:3)
    at async _Command.<anonymous> (file://./node_modules/.pnpm/storybook@10.1.4_@testing-library+dom@10.4.1_react-dom@19.2.1_react@19.2.1/node_modules/storybook/dist/bin/core.js:2801:92)
[11:50:42.557] [WARN] Broken build, fix the error above.
You may need to refresh the browser.